# JRE version: Java(TM) SE Runtime Environment (12.0.1+12) (build 12.0.1+12)
# Java VM: Java HotSpot(TM) 64-Bit Server VM (12.0.1+12, mixed mode, sharing, tiered, compressed oops, g1 gc, windows-amd64)
Heap:
 garbage-first heap   total 78848K, used 24140K [0x0000000082e00000, 0x0000000100000000)
  region size 1024K, 2 young (2048K), 2 survivors (2048K)
 Metaspace       used 46541K, capacity 47499K, committed 47744K, reserved 1091584K
  class space    used 6175K, capacity 6515K, committed 6528K, reserved 1048576K
GC Heap History (10 events):
Event: 5.977 GC heap after
{Heap after GC invocations=15 (full 0):
 garbage-first heap   total 65536K, used 21232K [0x0000000082e00000, 0x0000000100000000)
  region size 1024K, 2 young (2048K), 2 survivors (2048K)
 Metaspace       used 34940K, capacity 35779K, committed 35840K, reserved 1081344K
  class space    used 4354K, capacity 4679K, committed 4736K, reserved 1048576K
}
Event: 6.481 GC heap before
{Heap before GC invocations=16 (full 0):
 garbage-first heap   total 65536K, used 39664K [0x0000000082e00000, 0x0000000100000000)
  region size 1024K, 20 young (20480K), 2 survivors (2048K)
 Metaspace       used 37092K, capacity 37996K, committed 38144K, reserved 1083392K
  class space    used 4771K, capacity 5077K, committed 5120K, reserved 1048576K
}
Event: 6.486 GC heap after
{Heap after GC invocations=17 (full 0):
 garbage-first heap   total 65536K, used 21530K [0x0000000082e00000, 0x0000000100000000)
  region size 1024K, 2 young (2048K), 2 survivors (2048K)
 Metaspace       used 37092K, capacity 37996K, committed 38144K, reserved 1083392K
  class space    used 4771K, capacity 5077K, committed 5120K, reserved 1048576K
}
Event: 6.874 GC heap before
{Heap before GC invocations=17 (full 0):
 garbage-first heap   total 65536K, used 42010K [0x0000000082e00000, 0x0000000100000000)
  region size 1024K, 22 young (22528K), 2 survivors (2048K)
 Metaspace       used 39784K, capacity 40727K, committed 40832K, reserved 1085440K
  class space    used 5147K, capacity 5497K, committed 5504K, reserved 1048576K
}
Event: 6.879 GC heap after
{Heap after GC invocations=18 (full 0):
 garbage-first heap   total 65536K, used 22105K [0x0000000082e00000, 0x0000000100000000)
  region size 1024K, 2 young (2048K), 2 survivors (2048K)
 Metaspace       used 39784K, capacity 40727K, committed 40832K, reserved 1085440K
  class space    used 5147K, capacity 5497K, committed 5504K, reserved 1048576K
}
Event: 7.171 GC heap before
{Heap before GC invocations=18 (full 0):
 garbage-first heap   total 65536K, used 42585K [0x0000000082e00000, 0x0000000100000000)
  region size 1024K, 23 young (23552K), 2 survivors (2048K)
 Metaspace       used 42114K, capacity 43026K, committed 43264K, reserved 1087488K
  class space    used 5458K, capacity 5793K, committed 5888K, reserved 1048576K
}
Event: 7.174 GC heap after
{Heap after GC invocations=19 (full 0):
 garbage-first heap   total 65536K, used 22872K [0x0000000082e00000, 0x0000000100000000)
  region size 1024K, 2 young (2048K), 2 survivors (2048K)
 Metaspace       used 42114K, capacity 43026K, committed 43264K, reserved 1087488K
  class space    used 5458K, capacity 5793K, committed 5888K, reserved 1048576K
}
Event: 7.435 GC heap before
{Heap before GC invocations=19 (full 0):
 garbage-first heap   total 65536K, used 45400K [0x0000000082e00000, 0x0000000100000000)
  region size 1024K, 24 young (24576K), 2 survivors (2048K)
 Metaspace       used 44790K, capacity 45779K, committed 46080K, reserved 1089536K
  class space    used 5933K, capacity 6283K, committed 6400K, reserved 1048576K
}
Event: 7.439 GC heap after
{Heap after GC invocations=20 (full 0):
 garbage-first heap   total 65536K, used 23232K [0x0000000082e00000, 0x0000000100000000)
  region size 1024K, 2 young (2048K), 2 survivors (2048K)
 Metaspace       used 44790K, capacity 45779K, committed 46080K, reserved 1089536K
  class space    used 5933K, capacity 6283K, committed 6400K, reserved 1048576K
}
Event: 7.638 GC heap before
{Heap before GC invocations=20 (full 0):
 garbage-first heap   total 65536K, used 45760K [0x0000000082e00000, 0x0000000100000000)
  region size 1024K, 24 young (24576K), 2 survivors (2048K)
 Metaspace       used 46541K, capacity 47499K, committed 47744K, reserved 1091584K
  class space    used 6175K, capacity 6515K, committed 6528K, reserved 1048576K
}

